0 info it worked if it ends with ok
1 verbose cli [ 'Z:\\Visual Studio\\Web\\External\\Node.exe',
1 verbose cli   'Z:\\Visual Studio\\Web\\External\\node_modules\\npm\\bin\\npm-cli.js',
1 verbose cli   'install' ]
2 info using npm@3.3.4
3 info using node@v5.4.1
4 silly loadCurrentTree Starting
5 silly install loadCurrentTree
6 silly install readLocalPackageData
7 silly rollbackFailedOptional Starting
8 silly rollbackFailedOptional Finishing
9 silly runTopLevelLifecycles Starting
10 silly runTopLevelLifecycles Finishing
11 silly install printInstalled
12 verbose stack Error: ENOENT: no such file or directory, lstat 'Z:\Code\Microsoft VS Code\Repositories\billionths\node_modules\lodash'
12 verbose stack     at Error (native)
13 verbose cwd Z:\Code\Microsoft VS Code\Repositories\billionths
14 error Windows_NT 10.0.17134
15 error argv "Z:\\Visual Studio\\Web\\External\\Node.exe" "Z:\\Visual Studio\\Web\\External\\node_modules\\npm\\bin\\npm-cli.js" "install"
16 error node v5.4.1
17 error npm  v3.3.4
18 error path Z:\Code\Microsoft VS Code\Repositories\billionths\node_modules\lodash
19 error code ENOENT
20 error errno -4058
21 error syscall lstat
22 error enoent ENOENT: no such file or directory, lstat 'Z:\Code\Microsoft VS Code\Repositories\billionths\node_modules\lodash'
22 error enoent This is most likely not a problem with npm itself
22 error enoent and is related to npm not being able to find a file.
23 verbose exit [ -4058, true ]
